Using pre-set license
Built from '2022.3/staging' branch; Version is '2022.3.38f1 (c5d5a7410213) revision 12965287'; Using compiler version '192829333'; Build Type 'Release'
OS: 'Windows 11  (10.0.22631) 64bit Professional' Language: 'en' Physical Memory: 16197 MB
BatchMode: 1, IsHumanControllingUs: 0, StartBugReporterOnCrash: 0, Is64bit: 1, IsPro: 1

COMMAND LINE ARGUMENTS:
D:\Unity\Editor\2022.3.38f1\Editor\Unity.exe
-adb2
-batchMode
-noUpm
-name
AssetImportWorker3
-projectPath
D:/UnityProjects/Test3DController
-logFile
Logs/AssetImportWorker3.log
-srvPort
63548
Successfully changed project path to: D:/UnityProjects/Test3DController
D:/UnityProjects/Test3DController
[UnityMemory] Configuration Parameters - Can be set up in boot.config
    "memorysetup-bucket-allocator-granularity=16"
    "memorysetup-bucket-allocator-bucket-count=8"
    "memorysetup-bucket-allocator-block-size=33554432"
    "memorysetup-bucket-allocator-block-count=8"
    "memorysetup-main-allocator-block-size=16777216"
    "memorysetup-thread-allocator-block-size=16777216"
    "memorysetup-gfx-main-allocator-block-size=16777216"
    "memorysetup-gfx-thread-allocator-block-size=16777216"
    "memorysetup-cache-allocator-block-size=4194304"
    "memorysetup-typetree-allocator-block-size=2097152"
    "memorysetup-profiler-bucket-allocator-granularity=16"
    "memorysetup-profiler-bucket-allocator-bucket-count=8"
    "memorysetup-profiler-bucket-allocator-block-size=33554432"
    "memorysetup-profiler-bucket-allocator-block-count=8"
    "memorysetup-profiler-allocator-block-size=16777216"
    "memorysetup-profiler-editor-allocator-block-size=1048576"
    "memorysetup-temp-allocator-size-main=16777216"
    "memorysetup-job-temp-allocator-block-size=2097152"
    "memorysetup-job-temp-allocator-block-size-background=1048576"
    "memorysetup-job-temp-allocator-reduction-small-platforms=262144"
    "memorysetup-allocator-temp-initial-block-size-main=262144"
    "memorysetup-allocator-temp-initial-block-size-worker=262144"
    "memorysetup-temp-allocator-size-background-worker=32768"
    "memorysetup-temp-allocator-size-job-worker=262144"
    "memorysetup-temp-allocator-size-preload-manager=33554432"
    "memorysetup-temp-allocator-size-nav-mesh-worker=65536"
    "memorysetup-temp-allocator-size-audio-worker=65536"
    "memorysetup-temp-allocator-size-cloud-worker=32768"
    "memorysetup-temp-allocator-size-gi-baking-worker=262144"
    "memorysetup-temp-allocator-size-gfx=262144"
Player connection [11740]  Target information:

Player connection [11740]  * "[IP] 192.168.0.107 [Port] 0 [Flags] 2 [Guid] 1467182654 [EditorId] 1467182654 [Version] 1048832 [Id] WindowsEditor(7,DESKTOP-1O2OE8V) [Debug] 1 [PackageName] WindowsEditor [ProjectName] Editor" 

Player connection [11740]  * "[IP] 26.29.51.115 [Port] 0 [Flags] 2 [Guid] 1467182654 [EditorId] 1467182654 [Version] 1048832 [Id] WindowsEditor(7,DESKTOP-1O2OE8V) [Debug] 1 [PackageName] WindowsEditor [ProjectName] Editor" 

Player connection [11740]  * "[IP] 172.26.96.1 [Port] 0 [Flags] 2 [Guid] 1467182654 [EditorId] 1467182654 [Version] 1048832 [Id] WindowsEditor(7,DESKTOP-1O2OE8V) [Debug] 1 [PackageName] WindowsEditor [ProjectName] Editor" 

Player connection [11740] Host joined multi-casting on [225.0.0.222:54997]...
Player connection [11740] Host joined alternative multi-casting on [225.0.0.222:34997]...
[PhysX] Initialized MultithreadedTaskDispatcher with 12 workers.
Refreshing native plugins compatible for Editor in 93.51 ms, found 3 plugins.
Preloading 0 native plugins for Editor in 0.00 ms.
Initialize engine version: 2022.3.38f1 (c5d5a7410213)
[Subsystems] Discovering subsystems at path D:/Unity/Editor/2022.3.38f1/Editor/Data/Resources/UnitySubsystems
[Subsystems] Discovering subsystems at path D:/UnityProjects/Test3DController/Assets
GfxDevice: creating device client; threaded=0; jobified=0
Direct3D:
    Version:  Direct3D 11.0 [level 11.1]
    Renderer: NVIDIA GeForce RTX 3050 (ID=0x2507)
    Vendor:   NVIDIA
    VRAM:     8056 MB
    Driver:   31.0.15.3179
Initialize mono
Mono path[0] = 'D:/Unity/Editor/2022.3.38f1/Editor/Data/Managed'
Mono path[1] = 'D:/Unity/Editor/2022.3.38f1/Editor/Data/MonoBleedingEdge/lib/mono/unityjit-win32'
Mono config path = 'D:/Unity/Editor/2022.3.38f1/Editor/Data/MonoBleedingEdge/etc'
Using monoOptions --debugger-agent=transport=dt_socket,embedding=1,server=y,suspend=n,address=127.0.0.1:56788
Begin MonoManager ReloadAssembly
Registering precompiled unity dll's ...
Register platform support module: D:/Unity/Editor/2022.3.38f1/Editor/Data/PlaybackEngines/AndroidPlayer/UnityEditor.Android.Extensions.dll
Register platform support module: D:/Unity/Editor/2022.3.38f1/Editor/Data/PlaybackEngines/iOSSupport/UnityEditor.iOS.Extensions.dll
Register platform support module: D:/Unity/Editor/2022.3.38f1/Editor/Data/PlaybackEngines/WindowsStandaloneSupport/UnityEditor.WindowsStandalone.Extensions.dll
Register platform support module: D:/Unity/Editor/2022.3.38f1/Editor/Data/PlaybackEngines/LinuxStandaloneSupport/UnityEditor.LinuxStandalone.Extensions.dll
Registered in 0.004870 seconds.
- Loaded All Assemblies, in  0.439 seconds
Native extension for LinuxStandalone target not found
Native extension for WindowsStandalone target not found
[usbmuxd] Start listen thread
[usbmuxd] Listen thread started
Native extension for iOS target not found
Native extension for Android target not found
Android Extension - Scanning For ADB Devices 244 ms
Mono: successfully reloaded assembly
- Finished resetting the current domain, in  0.622 seconds
Domain Reload Profiling: 1062ms
	BeginReloadAssembly (137ms)
		ExecutionOrderSort (0ms)
		DisableScriptedObjects (0ms)
		BackupInstance (0ms)
		ReleaseScriptingObjects (0ms)
		CreateAndSetChildDomain (1ms)
	RebuildCommonClasses (35ms)
	RebuildNativeTypeToScriptingClass (8ms)
	initialDomainReloadingComplete (52ms)
	LoadAllAssembliesAndSetupDomain (207ms)
		LoadAssemblies (139ms)
		RebuildTransferFunctionScriptingTraits (0ms)
		AnalyzeDomain (203ms)
			TypeCache.Refresh (201ms)
				TypeCache.ScanAssembly (181ms)
			ScanForSourceGeneratedMonoScriptInfo (0ms)
			ResolveRequiredComponents (1ms)
	FinalizeReload (623ms)
		ReleaseScriptCaches (0ms)
		RebuildScriptCaches (0ms)
		SetupLoadedEditorAssemblies (570ms)
			LogAssemblyErrors (0ms)
			InitializePlatformSupportModulesInManaged (395ms)
			SetLoadedEditorAssemblies (3ms)
			RefreshPlugins (0ms)
			BeforeProcessingInitializeOnLoad (2ms)
			ProcessInitializeOnLoadAttributes (105ms)
			ProcessInitializeOnLoadMethodAttributes (64ms)
			AfterProcessingInitializeOnLoad (0ms)
			EditorAssembliesLoaded (0ms)
		ExecutionOrderSort2 (0ms)
		AwakeInstancesAfterBackupRestoration (0ms)
========================================================================
Worker process is ready to serve import requests
Begin MonoManager ReloadAssembly
- Loaded All Assemblies, in  0.439 seconds
Refreshing native plugins compatible for Editor in 1.15 ms, found 3 plugins.
Native extension for LinuxStandalone target not found
Native extension for WindowsStandalone target not found
Native extension for iOS target not found
Native extension for Android target not found
Mono: successfully reloaded assembly
- Finished resetting the current domain, in  0.434 seconds
Domain Reload Profiling: 873ms
	BeginReloadAssembly (134ms)
		ExecutionOrderSort (0ms)
		DisableScriptedObjects (5ms)
		BackupInstance (0ms)
		ReleaseScriptingObjects (0ms)
		CreateAndSetChildDomain (21ms)
	RebuildCommonClasses (29ms)
	RebuildNativeTypeToScriptingClass (11ms)
	initialDomainReloadingComplete (37ms)
	LoadAllAssembliesAndSetupDomain (228ms)
		LoadAssemblies (212ms)
		RebuildTransferFunctionScriptingTraits (0ms)
		AnalyzeDomain (92ms)
			TypeCache.Refresh (75ms)
				TypeCache.ScanAssembly (63ms)
			ScanForSourceGeneratedMonoScriptInfo (14ms)
			ResolveRequiredComponents (2ms)
	FinalizeReload (434ms)
		ReleaseScriptCaches (0ms)
		RebuildScriptCaches (0ms)
		SetupLoadedEditorAssemblies (291ms)
			LogAssemblyErrors (0ms)
			InitializePlatformSupportModulesInManaged (34ms)
			SetLoadedEditorAssemblies (4ms)
			RefreshPlugins (0ms)
			BeforeProcessingInitializeOnLoad (47ms)
			ProcessInitializeOnLoadAttributes (167ms)
			ProcessInitializeOnLoadMethodAttributes (38ms)
			AfterProcessingInitializeOnLoad (2ms)
			EditorAssembliesLoaded (0ms)
		ExecutionOrderSort2 (0ms)
		AwakeInstancesAfterBackupRestoration (7ms)
Launched and connected shader compiler UnityShaderCompiler.exe after 0.43 seconds
Refreshing native plugins compatible for Editor in 1.36 ms, found 3 plugins.
Preloading 0 native plugins for Editor in 0.00 ms.
Unloading 1628 Unused Serialized files (Serialized files now loaded: 0)
Unloading 43 unused Assets / (55.3 KB). Loaded Objects now: 2106.
Memory consumption went from 96.8 MB to 96.7 MB.
Total: 2.201300 ms (FindLiveObjects: 0.103100 ms CreateObjectMapping: 0.031200 ms MarkObjects: 1.976200 ms  DeleteObjects: 0.090000 ms)

AssetImportParameters requested are different than current active one (requested -> active):
  custom:video-encoder-webm-vp8: eb34c28f22e8b96e1ab97ce403110664 -> 
  custom:video-decoder-webm-vp8: 9c59270c3fd7afecdb556c50c9e8de78 -> 
  custom:audio-decoder-ogg-vorbis: bf7c407c2cedff20999df2af8eb42d56 -> 
  custom:SearchIndexIgnoredProperties: e643bd26f0fe6173181afceb89e7c659 -> 
  custom:container-demuxer-ogg: 62fdf1f143b41e24485cea50d1cbac27 -> 
  custom:AudioImporter_EditorPlatform: d09bf68614088b80899f8185d706f6e7 -> 
  custom:CustomObjectIndexerAttribute: 9a22284fe3817be447336de3de66b15e -> 
  custom:container-demuxer-webm: 4f35f7cbe854078d1ac9338744f61a02 -> 
  custom:video-decoder-ogg-theora: a1e56fd34408186e4bbccfd4996cb3dc -> 
  custom:audio-encoder-webm-vorbis: bf7c407c2cedff20999df2af8eb42d56 -> 
  custom:framework-win-MediaFoundation: 216162199b28c13a410421893ffa2e32 -> 
  custom:container-muxer-webm: aa71ff27fc2769a1b78a27578f13a17b -> 
========================================================================
Received Import Request.
  Time since last request: 162524.113365 seconds.
  path: Assets/Materials/Camera.mat
  artifactKey: Guid(893f664f82759994b94cfe48e86dfcf7) Importer(815301076,1909f56bfc062723c751e8b465ee728b)
Start importing Assets/Materials/Camera.mat using Guid(893f664f82759994b94cfe48e86dfcf7) Importer(815301076,1909f56bfc062723c751e8b465ee728b) [PhysX] Initialized MultithreadedTaskDispatcher with 12 workers.
[PhysX] Initialized MultithreadedTaskDispatcher with 12 workers.
 -> (artifact id: 'cd8f0abf25d211b6fea4dc3fb36433e4') in 0.075728 seconds
Number of updated asset objects reloaded before import = 0
Number of asset objects unloaded after import = 2
========================================================================
Received Import Request.
  Time since last request: 20.192765 seconds.
  path: Assets/Materials/Birds/LightYellow.mat
  artifactKey: Guid(fa2f1e2742dce5245893e40dfbd171ba) Importer(815301076,1909f56bfc062723c751e8b465ee728b)
Start importing Assets/Materials/Birds/LightYellow.mat using Guid(fa2f1e2742dce5245893e40dfbd171ba) Importer(815301076,1909f56bfc062723c751e8b465ee728b) [PhysX] Initialized MultithreadedTaskDispatcher with 12 workers.
[PhysX] Initialized MultithreadedTaskDispatcher with 12 workers.
 -> (artifact id: '4a37620707b79b3b244dc28e78b745ef') in 0.008219 seconds
Number of updated asset objects reloaded before import = 0
Number of asset objects unloaded after import = 1
========================================================================
Received Import Request.
  Time since last request: 15.072053 seconds.
  path: Assets/Materials/Capitan/Lamp.mat
  artifactKey: Guid(8b2d70a2c7986b243968e96e6e890c2a) Importer(815301076,1909f56bfc062723c751e8b465ee728b)
Start importing Assets/Materials/Capitan/Lamp.mat using Guid(8b2d70a2c7986b243968e96e6e890c2a) Importer(815301076,1909f56bfc062723c751e8b465ee728b) [PhysX] Initialized MultithreadedTaskDispatcher with 12 workers.
[PhysX] Initialized MultithreadedTaskDispatcher with 12 workers.
 -> (artifact id: '40b2bbdfa3a6565a2e6f0d493c29cbc7') in 0.006628 seconds
Number of updated asset objects reloaded before import = 0
Number of asset objects unloaded after import = 1
========================================================================
Received Import Request.
  Time since last request: 0.000020 seconds.
  path: Assets/Materials/EmoLampGirl/Lamp.mat
  artifactKey: Guid(0c9b47e9e507aa64591edf5e69ed8699) Importer(815301076,1909f56bfc062723c751e8b465ee728b)
Start importing Assets/Materials/EmoLampGirl/Lamp.mat using Guid(0c9b47e9e507aa64591edf5e69ed8699) Importer(815301076,1909f56bfc062723c751e8b465ee728b) [PhysX] Initialized MultithreadedTaskDispatcher with 12 workers.
[PhysX] Initialized MultithreadedTaskDispatcher with 12 workers.
 -> (artifact id: '7d9830c052dc3e173c8ba8b714f0cab6') in 0.004791 seconds
Number of updated asset objects reloaded before import = 0
Number of asset objects unloaded after import = 1
========================================================================
Received Import Request.
  Time since last request: 0.000015 seconds.
  path: Assets/TextMesh Pro/Resources/Fonts & Materials/LiberationSans SDF.asset
  artifactKey: Guid(8f586378b4e144a9851e7b34d9b748ee) Importer(815301076,1909f56bfc062723c751e8b465ee728b)
Start importing Assets/TextMesh Pro/Resources/Fonts & Materials/LiberationSans SDF.asset using Guid(8f586378b4e144a9851e7b34d9b748ee) Importer(815301076,1909f56bfc062723c751e8b465ee728b) [PhysX] Initialized MultithreadedTaskDispatcher with 12 workers.
[PhysX] Initialized MultithreadedTaskDispatcher with 12 workers.
[PhysX] Initialized MultithreadedTaskDispatcher with 12 workers.
 -> (artifact id: '5a167737e74ec0af57349d4e447c890e') in 0.045026 seconds
Number of updated asset objects reloaded before import = 0
Number of asset objects unloaded after import = 4
========================================================================
Received Import Request.
  Time since last request: 9.784525 seconds.
  path: Assets/Materials/Table/Pot/Blue.mat
  artifactKey: Guid(dc5c0af7e1e50e341a6bd8c27858b0a8) Importer(815301076,1909f56bfc062723c751e8b465ee728b)
Start importing Assets/Materials/Table/Pot/Blue.mat using Guid(dc5c0af7e1e50e341a6bd8c27858b0a8) Importer(815301076,1909f56bfc062723c751e8b465ee728b) [PhysX] Initialized MultithreadedTaskDispatcher with 12 workers.
[PhysX] Initialized MultithreadedTaskDispatcher with 12 workers.
 -> (artifact id: '9fddcba6841cdd9b06e7e058853db764') in 0.005959 seconds
Number of updated asset objects reloaded before import = 0
Number of asset objects unloaded after import = 1
========================================================================
Received Import Request.
  Time since last request: 0.000015 seconds.
  path: Assets/Materials/HouseInSide/ColorWallsInSide.mat
  artifactKey: Guid(e87448ce68235ec47bfa650b3b401b86) Importer(815301076,1909f56bfc062723c751e8b465ee728b)
Start importing Assets/Materials/HouseInSide/ColorWallsInSide.mat using Guid(e87448ce68235ec47bfa650b3b401b86) Importer(815301076,1909f56bfc062723c751e8b465ee728b) [PhysX] Initialized MultithreadedTaskDispatcher with 12 workers.
[PhysX] Initialized MultithreadedTaskDispatcher with 12 workers.
 -> (artifact id: 'c049786abc38289b881c8bee8d41ce75') in 0.006747 seconds
Number of updated asset objects reloaded before import = 0
Number of asset objects unloaded after import = 1
========================================================================
Received Import Request.
  Time since last request: 0.000013 seconds.
  path: Assets/Materials/House2/DarkBlue.mat
  artifactKey: Guid(1a27a194a87df6a41899c3b4849a0d7f) Importer(815301076,1909f56bfc062723c751e8b465ee728b)
Start importing Assets/Materials/House2/DarkBlue.mat using Guid(1a27a194a87df6a41899c3b4849a0d7f) Importer(815301076,1909f56bfc062723c751e8b465ee728b) [PhysX] Initialized MultithreadedTaskDispatcher with 12 workers.
[PhysX] Initialized MultithreadedTaskDispatcher with 12 workers.
 -> (artifact id: '4fca6ce94f4e6fb1ab19fde7892b0d2e') in 0.005118 seconds
Number of updated asset objects reloaded before import = 0
Number of asset objects unloaded after import = 1
========================================================================
Received Import Request.
  Time since last request: 0.000016 seconds.
  path: Assets/Materials/Princess/Brown.mat
  artifactKey: Guid(1b695ab029ddc60428d37a38ca90ccdc) Importer(815301076,1909f56bfc062723c751e8b465ee728b)
Start importing Assets/Materials/Princess/Brown.mat using Guid(1b695ab029ddc60428d37a38ca90ccdc) Importer(815301076,1909f56bfc062723c751e8b465ee728b) [PhysX] Initialized MultithreadedTaskDispatcher with 12 workers.
[PhysX] Initialized MultithreadedTaskDispatcher with 12 workers.
 -> (artifact id: 'c456d8e04a6891e26841d0d82478b477') in 0.005684 seconds
Number of updated asset objects reloaded before import = 0
Number of asset objects unloaded after import = 1
========================================================================
Received Import Request.
  Time since last request: 0.000023 seconds.
  path: Assets/Materials/Ded/Brown.mat
  artifactKey: Guid(03bbcd7444900594e9b384c9ec38398a) Importer(815301076,1909f56bfc062723c751e8b465ee728b)
Start importing Assets/Materials/Ded/Brown.mat using Guid(03bbcd7444900594e9b384c9ec38398a) Importer(815301076,1909f56bfc062723c751e8b465ee728b) [PhysX] Initialized MultithreadedTaskDispatcher with 12 workers.
[PhysX] Initialized MultithreadedTaskDispatcher with 12 workers.
 -> (artifact id: '2f45a8dfe9b1f2c74515449c10eb1397') in 0.005003 seconds
Number of updated asset objects reloaded before import = 0
Number of asset objects unloaded after import = 1
========================================================================
Received Import Request.
  Time since last request: 0.000027 seconds.
  path: Assets/Materials/Table/Cake/Brown.mat
  artifactKey: Guid(be6a6d25331931542910509f3ca81900) Importer(815301076,1909f56bfc062723c751e8b465ee728b)
Start importing Assets/Materials/Table/Cake/Brown.mat using Guid(be6a6d25331931542910509f3ca81900) Importer(815301076,1909f56bfc062723c751e8b465ee728b) [PhysX] Initialized MultithreadedTaskDispatcher with 12 workers.
[PhysX] Initialized MultithreadedTaskDispatcher with 12 workers.
 -> (artifact id: 'dbf44c3d1ccdec5e7ea274aa473d6870') in 0.004430 seconds
Number of updated asset objects reloaded before import = 0
Number of asset objects unloaded after import = 1
========================================================================
Received Import Request.
  Time since last request: 0.000013 seconds.
  path: Assets/Materials/HouseInSide/Brown.mat
  artifactKey: Guid(405a514020a83544d8064faa3c90c9be) Importer(815301076,1909f56bfc062723c751e8b465ee728b)
Start importing Assets/Materials/HouseInSide/Brown.mat using Guid(405a514020a83544d8064faa3c90c9be) Importer(815301076,1909f56bfc062723c751e8b465ee728b) [PhysX] Initialized MultithreadedTaskDispatcher with 12 workers.
[PhysX] Initialized MultithreadedTaskDispatcher with 12 workers.
 -> (artifact id: '356c831f1de246c424cb6c1ec67bba5f') in 0.005418 seconds
Number of updated asset objects reloaded before import = 0
Number of asset objects unloaded after import = 1
========================================================================
Received Import Request.
  Time since last request: 0.000020 seconds.
  path: Assets/Materials/Table/Spoon/Brown.mat
  artifactKey: Guid(828968e4afe374c4c8842d611d9563dc) Importer(815301076,1909f56bfc062723c751e8b465ee728b)
Start importing Assets/Materials/Table/Spoon/Brown.mat using Guid(828968e4afe374c4c8842d611d9563dc) Importer(815301076,1909f56bfc062723c751e8b465ee728b) [PhysX] Initialized MultithreadedTaskDispatcher with 12 workers.
[PhysX] Initialized MultithreadedTaskDispatcher with 12 workers.
 -> (artifact id: '3dd53251404c2f4cde98311d49aa27e3') in 0.004917 seconds
Number of updated asset objects reloaded before import = 0
Number of asset objects unloaded after import = 1
========================================================================
Received Import Request.
  Time since last request: 0.000028 seconds.
  path: Assets/Materials/HouseInSide/ContrastPink.mat
  artifactKey: Guid(669546e5e9aeac540bc387a886eb30d3) Importer(815301076,1909f56bfc062723c751e8b465ee728b)
Start importing Assets/Materials/HouseInSide/ContrastPink.mat using Guid(669546e5e9aeac540bc387a886eb30d3) Importer(815301076,1909f56bfc062723c751e8b465ee728b) [PhysX] Initialized MultithreadedTaskDispatcher with 12 workers.
[PhysX] Initialized MultithreadedTaskDispatcher with 12 workers.
 -> (artifact id: '032cff2f3e9ee847516592d239fc2f9a') in 0.004840 seconds
Number of updated asset objects reloaded before import = 0
Number of asset objects unloaded after import = 1
========================================================================
Received Import Request.
  Time since last request: 0.000015 seconds.
  path: Assets/Customizable Skybox/Materials/dark trunk.mat
  artifactKey: Guid(7c7f7e923f30d8b4193dfc9a7eb33ea9) Importer(815301076,1909f56bfc062723c751e8b465ee728b)
Start importing Assets/Customizable Skybox/Materials/dark trunk.mat using Guid(7c7f7e923f30d8b4193dfc9a7eb33ea9) Importer(815301076,1909f56bfc062723c751e8b465ee728b) [PhysX] Initialized MultithreadedTaskDispatcher with 12 workers.
[PhysX] Initialized MultithreadedTaskDispatcher with 12 workers.
 -> (artifact id: 'bcc3ea3b7e67bdda6343feb282ddfcd1') in 0.045676 seconds
Number of updated asset objects reloaded before import = 0
Number of asset objects unloaded after import = 1
========================================================================
Received Import Request.
  Time since last request: 0.000023 seconds.
  path: Assets/Materials/Ded/Glass.mat
  artifactKey: Guid(b87891cb0d9ad5144b772b95c17b9b24) Importer(815301076,1909f56bfc062723c751e8b465ee728b)
Start importing Assets/Materials/Ded/Glass.mat using Guid(b87891cb0d9ad5144b772b95c17b9b24) Importer(815301076,1909f56bfc062723c751e8b465ee728b) [PhysX] Initialized MultithreadedTaskDispatcher with 12 workers.
[PhysX] Initialized MultithreadedTaskDispatcher with 12 workers.
 -> (artifact id: '0616ad3e238fa9e403aee8693b0020d8') in 0.007320 seconds
Number of updated asset objects reloaded before import = 0
Number of asset objects unloaded after import = 1
========================================================================
Received Import Request.
  Time since last request: 0.000023 seconds.
  path: Assets/Materials/EmoLampGirl/Grey.mat
  artifactKey: Guid(855c075169b0dfa449621e8f74e4063f) Importer(815301076,1909f56bfc062723c751e8b465ee728b)
Start importing Assets/Materials/EmoLampGirl/Grey.mat using Guid(855c075169b0dfa449621e8f74e4063f) Importer(815301076,1909f56bfc062723c751e8b465ee728b) [PhysX] Initialized MultithreadedTaskDispatcher with 12 workers.
[PhysX] Initialized MultithreadedTaskDispatcher with 12 workers.
 -> (artifact id: 'e265176c4ce0b38b32468ed2847c7150') in 0.005132 seconds
Number of updated asset objects reloaded before import = 0
Number of asset objects unloaded after import = 1
========================================================================
Received Import Request.
  Time since last request: 0.000012 seconds.
  path: Assets/Customizable Skybox/Materials/green tree.mat
  artifactKey: Guid(162ad232b242eb042b91b10dc755c486) Importer(815301076,1909f56bfc062723c751e8b465ee728b)
Start importing Assets/Customizable Skybox/Materials/green tree.mat using Guid(162ad232b242eb042b91b10dc755c486) Importer(815301076,1909f56bfc062723c751e8b465ee728b) [PhysX] Initialized MultithreadedTaskDispatcher with 12 workers.
[PhysX] Initialized MultithreadedTaskDispatcher with 12 workers.
 -> (artifact id: 'd18d2a52a60ce3cdc65b7492d24632c2') in 0.012096 seconds
Number of updated asset objects reloaded before import = 0
Number of asset objects unloaded after import = 1
========================================================================
Received Import Request.
  Time since last request: 0.000023 seconds.
  path: Assets/Materials/House1/Brown.mat
  artifactKey: Guid(2a5ab73028c5fdb4698e9d647598f5b7) Importer(815301076,1909f56bfc062723c751e8b465ee728b)
Start importing Assets/Materials/House1/Brown.mat using Guid(2a5ab73028c5fdb4698e9d647598f5b7) Importer(815301076,1909f56bfc062723c751e8b465ee728b) [PhysX] Initialized MultithreadedTaskDispatcher with 12 workers.
[PhysX] Initialized MultithreadedTaskDispatcher with 12 workers.
 -> (artifact id: 'b695c8153db83896563709a8dc512cc8') in 0.006217 seconds
Number of updated asset objects reloaded before import = 0
Number of asset objects unloaded after import = 1
========================================================================
Received Import Request.
  Time since last request: 0.000017 seconds.
  path: Assets/Materials/HouseInSide/DarkBrown.mat
  artifactKey: Guid(8f38b4d1a5a0d3043b9c6cc2dd53acaa) Importer(815301076,1909f56bfc062723c751e8b465ee728b)
Start importing Assets/Materials/HouseInSide/DarkBrown.mat using Guid(8f38b4d1a5a0d3043b9c6cc2dd53acaa) Importer(815301076,1909f56bfc062723c751e8b465ee728b) [PhysX] Initialized MultithreadedTaskDispatcher with 12 workers.
[PhysX] Initialized MultithreadedTaskDispatcher with 12 workers.
 -> (artifact id: '6c7661c988414a198517641763bf80ac') in 0.005736 seconds
Number of updated asset objects reloaded before import = 0
Number of asset objects unloaded after import = 1
========================================================================
Received Import Request.
  Time since last request: 0.000021 seconds.
  path: Assets/Customizable Skybox/Stylized Sky/Materials/Day6.mat
  artifactKey: Guid(bbbcd551076325545ba102ba8c308520) Importer(815301076,1909f56bfc062723c751e8b465ee728b)
Start importing Assets/Customizable Skybox/Stylized Sky/Materials/Day6.mat using Guid(bbbcd551076325545ba102ba8c308520) Importer(815301076,1909f56bfc062723c751e8b465ee728b) [PhysX] Initialized MultithreadedTaskDispatcher with 12 workers.
[PhysX] Initialized MultithreadedTaskDispatcher with 12 workers.
 -> (artifact id: '665721537e7249f0b53696eb44548f9b') in 0.016527 seconds
Number of updated asset objects reloaded before import = 0
Number of asset objects unloaded after import = 2
========================================================================
Received Import Request.
  Time since last request: 0.000027 seconds.
  path: Assets/Materials/Table/Pallate/DarkGrey.mat
  artifactKey: Guid(19b661e069e2dd04faf23900bf41ce6f) Importer(815301076,1909f56bfc062723c751e8b465ee728b)
Start importing Assets/Materials/Table/Pallate/DarkGrey.mat using Guid(19b661e069e2dd04faf23900bf41ce6f) Importer(815301076,1909f56bfc062723c751e8b465ee728b) [PhysX] Initialized MultithreadedTaskDispatcher with 12 workers.
[PhysX] Initialized MultithreadedTaskDispatcher with 12 workers.
 -> (artifact id: '24dcdbacc672b32d052ee81bb0ae9ccc') in 0.013362 seconds
Number of updated asset objects reloaded before import = 0
Number of asset objects unloaded after import = 1
========================================================================
Received Import Request.
  Time since last request: 0.000015 seconds.
  path: Assets/Materials/House1/Grey.mat
  artifactKey: Guid(06f88d3cac5e8ca4c8de2acd4cdfa5a3) Importer(815301076,1909f56bfc062723c751e8b465ee728b)
Start importing Assets/Materials/House1/Grey.mat using Guid(06f88d3cac5e8ca4c8de2acd4cdfa5a3) Importer(815301076,1909f56bfc062723c751e8b465ee728b) [PhysX] Initialized MultithreadedTaskDispatcher with 12 workers.
[PhysX] Initialized MultithreadedTaskDispatcher with 12 workers.
 -> (artifact id: 'b453d0b0a690f9b15c4f2d486143cfe7') in 0.006111 seconds
Number of updated asset objects reloaded before import = 0
Number of asset objects unloaded after import = 1
========================================================================
Received Import Request.
  Time since last request: 0.000049 seconds.
  path: Assets/Materials/Princess/DarkGrey.mat
  artifactKey: Guid(f47c543c23ae586419f3be0beea78711) Importer(815301076,1909f56bfc062723c751e8b465ee728b)
Start importing Assets/Materials/Princess/DarkGrey.mat using Guid(f47c543c23ae586419f3be0beea78711) Importer(815301076,1909f56bfc062723c751e8b465ee728b) [PhysX] Initialized MultithreadedTaskDispatcher with 12 workers.
[PhysX] Initialized MultithreadedTaskDispatcher with 12 workers.
 -> (artifact id: 'e22c4bc47ddb455fa5f34cbe87aaf870') in 0.005465 seconds
Number of updated asset objects reloaded before import = 0
Number of asset objects unloaded after import = 1
========================================================================
Received Import Request.
  Time since last request: 0.000017 seconds.
  path: Assets/Materials/Capitan/DarkYellow.mat
  artifactKey: Guid(dd66d7ff9cab34244bb78bfac26194bd) Importer(815301076,1909f56bfc062723c751e8b465ee728b)
Start importing Assets/Materials/Capitan/DarkYellow.mat using Guid(dd66d7ff9cab34244bb78bfac26194bd) Importer(815301076,1909f56bfc062723c751e8b465ee728b) [PhysX] Initialized MultithreadedTaskDispatcher with 12 workers.
[PhysX] Initialized MultithreadedTaskDispatcher with 12 workers.
 -> (artifact id: 'f597c412b86bdc6e8f3c08b5e2ae5c1f') in 0.005813 seconds
Number of updated asset objects reloaded before import = 0
Number of asset objects unloaded after import = 1
========================================================================
Received Import Request.
  Time since last request: 0.000020 seconds.
  path: Assets/Materials/Capitan/Brown.mat
  artifactKey: Guid(a963060cb0f21294db8ac66f88537935) Importer(815301076,1909f56bfc062723c751e8b465ee728b)
Start importing Assets/Materials/Capitan/Brown.mat using Guid(a963060cb0f21294db8ac66f88537935) Importer(815301076,1909f56bfc062723c751e8b465ee728b) [PhysX] Initialized MultithreadedTaskDispatcher with 12 workers.
[PhysX] Initialized MultithreadedTaskDispatcher with 12 workers.
 -> (artifact id: 'be6a155779ec00a43f4aa7551c719962') in 0.008457 seconds
Number of updated asset objects reloaded before import = 0
Number of asset objects unloaded after import = 1
========================================================================
Received Import Request.
  Time since last request: 0.000014 seconds.
  path: Assets/Customizable Skybox/Stylized Sky/Materials/Day7.mat
  artifactKey: Guid(ddbcbb3899687ea469ed4a5fce1532df) Importer(815301076,1909f56bfc062723c751e8b465ee728b)
Start importing Assets/Customizable Skybox/Stylized Sky/Materials/Day7.mat using Guid(ddbcbb3899687ea469ed4a5fce1532df) Importer(815301076,1909f56bfc062723c751e8b465ee728b) [PhysX] Initialized MultithreadedTaskDispatcher with 12 workers.
[PhysX] Initialized MultithreadedTaskDispatcher with 12 workers.
 -> (artifact id: '7b641ff89f54e6053a439d7bfb8696a7') in 0.011068 seconds
Number of updated asset objects reloaded before import = 0
Number of asset objects unloaded after import = 1
========================================================================
Received Import Request.
  Time since last request: 0.000017 seconds.
  path: Assets/Materials/Table/Chair/DarkBrown.mat
  artifactKey: Guid(f75caf53a3b87e64f9893294ca609fb7) Importer(815301076,1909f56bfc062723c751e8b465ee728b)
Start importing Assets/Materials/Table/Chair/DarkBrown.mat using Guid(f75caf53a3b87e64f9893294ca609fb7) Importer(815301076,1909f56bfc062723c751e8b465ee728b) [PhysX] Initialized MultithreadedTaskDispatcher with 12 workers.
[PhysX] Initialized MultithreadedTaskDispatcher with 12 workers.
 -> (artifact id: 'fbcae5eb3d1e4503c6f1bc3bed9ff653') in 0.005146 seconds
Number of updated asset objects reloaded before import = 0
Number of asset objects unloaded after import = 1
========================================================================
Received Import Request.
  Time since last request: 0.000014 seconds.
  path: Assets/Materials/House2/DarkBrown.mat
  artifactKey: Guid(78f46622ad7ff3a45b5026c446ad5807) Importer(815301076,1909f56bfc062723c751e8b465ee728b)
Start importing Assets/Materials/House2/DarkBrown.mat using Guid(78f46622ad7ff3a45b5026c446ad5807) Importer(815301076,1909f56bfc062723c751e8b465ee728b) [PhysX] Initialized MultithreadedTaskDispatcher with 12 workers.
[PhysX] Initialized MultithreadedTaskDispatcher with 12 workers.
 -> (artifact id: '4bf820a649fd573a565690c0af57b430') in 0.004549 seconds
Number of updated asset objects reloaded before import = 0
Number of asset objects unloaded after import = 1
========================================================================
Received Import Request.
  Time since last request: 1.638877 seconds.
  path: Assets/Materials/Ded/Hat/Grey.mat
  artifactKey: Guid(33f5227a01d262b42beca9b78dc1b155) Importer(815301076,1909f56bfc062723c751e8b465ee728b)
Start importing Assets/Materials/Ded/Hat/Grey.mat using Guid(33f5227a01d262b42beca9b78dc1b155) Importer(815301076,1909f56bfc062723c751e8b465ee728b) [PhysX] Initialized MultithreadedTaskDispatcher with 12 workers.
[PhysX] Initialized MultithreadedTaskDispatcher with 12 workers.
 -> (artifact id: '15d92b0dcd807b19b0c03911ab36e120') in 0.006111 seconds
Number of updated asset objects reloaded before import = 0
Number of asset objects unloaded after import = 1
========================================================================
Received Import Request.
  Time since last request: 0.000013 seconds.
  path: Assets/Materials/House2/LightBlie.mat
  artifactKey: Guid(e48881aeea74b324cb92477757bd85cb) Importer(815301076,1909f56bfc062723c751e8b465ee728b)
Start importing Assets/Materials/House2/LightBlie.mat using Guid(e48881aeea74b324cb92477757bd85cb) Importer(815301076,1909f56bfc062723c751e8b465ee728b) [PhysX] Initialized MultithreadedTaskDispatcher with 12 workers.
[PhysX] Initialized MultithreadedTaskDispatcher with 12 workers.
 -> (artifact id: '57ba75c408ff5b2d0dc4fa705d1962c3') in 0.004710 seconds
Number of updated asset objects reloaded before import = 0
Number of asset objects unloaded after import = 1
========================================================================
Received Import Request.
  Time since last request: 0.000035 seconds.
  path: Assets/TextMesh Pro/Resources/Fonts & Materials/LiberationSans SDF - Drop Shadow.mat
  artifactKey: Guid(e73a58f6e2794ae7b1b7e50b7fb811b0) Importer(815301076,1909f56bfc062723c751e8b465ee728b)
Start importing Assets/TextMesh Pro/Resources/Fonts & Materials/LiberationSans SDF - Drop Shadow.mat using Guid(e73a58f6e2794ae7b1b7e50b7fb811b0) Importer(815301076,1909f56bfc062723c751e8b465ee728b) [PhysX] Initialized MultithreadedTaskDispatcher with 12 workers.
[PhysX] Initialized MultithreadedTaskDispatcher with 12 workers.
 -> (artifact id: '729287ffc69a7dd25bc7bcc92967ff4f') in 0.080561 seconds
Number of updated asset objects reloaded before import = 0
Number of asset objects unloaded after import = 2
========================================================================
Received Import Request.
  Time since last request: 0.000019 seconds.
  path: Assets/Materials/House2/LightDarkBrown.mat
  artifactKey: Guid(73906d54ad925c7478d0d1ab52854d57) Importer(815301076,1909f56bfc062723c751e8b465ee728b)
Start importing Assets/Materials/House2/LightDarkBrown.mat using Guid(73906d54ad925c7478d0d1ab52854d57) Importer(815301076,1909f56bfc062723c751e8b465ee728b) [PhysX] Initialized MultithreadedTaskDispatcher with 12 workers.
[PhysX] Initialized MultithreadedTaskDispatcher with 12 workers.
 -> (artifact id: '84887742ebf9b66060c1afd8054ae184') in 0.006742 seconds
Number of updated asset objects reloaded before import = 0
Number of asset objects unloaded after import = 1
========================================================================
Received Import Request.
  Time since last request: 0.000020 seconds.
  path: Assets/Materials/HouseInSide/LightGreen.mat
  artifactKey: Guid(d93506b5308898b4caebf6a507d57870) Importer(815301076,1909f56bfc062723c751e8b465ee728b)
Start importing Assets/Materials/HouseInSide/LightGreen.mat using Guid(d93506b5308898b4caebf6a507d57870) Importer(815301076,1909f56bfc062723c751e8b465ee728b) [PhysX] Initialized MultithreadedTaskDispatcher with 12 workers.
[PhysX] Initialized MultithreadedTaskDispatcher with 12 workers.
 -> (artifact id: 'a34f30edeb51851a69f22d48e52dec35') in 0.004958 seconds
Number of updated asset objects reloaded before import = 0
Number of asset objects unloaded after import = 1
========================================================================
Received Import Request.
  Time since last request: 0.000014 seconds.
  path: Assets/Materials/Table/Cake/LightPink.mat
  artifactKey: Guid(6913cb37dc1f2b34880a337712d6bf21) Importer(815301076,1909f56bfc062723c751e8b465ee728b)
Start importing Assets/Materials/Table/Cake/LightPink.mat using Guid(6913cb37dc1f2b34880a337712d6bf21) Importer(815301076,1909f56bfc062723c751e8b465ee728b) [PhysX] Initialized MultithreadedTaskDispatcher with 12 workers.
[PhysX] Initialized MultithreadedTaskDispatcher with 12 workers.
 -> (artifact id: '1977311345a0def36cc43878cddcb4bb') in 0.004932 seconds
Number of updated asset objects reloaded before import = 0
Number of asset objects unloaded after import = 1
========================================================================
Received Import Request.
  Time since last request: 18.039890 seconds.
  path: Assets/Materials/Hall/OutSide.mat
  artifactKey: Guid(6a05b971e98ce0d439cc2931f5bd487e) Importer(815301076,1909f56bfc062723c751e8b465ee728b)
Start importing Assets/Materials/Hall/OutSide.mat using Guid(6a05b971e98ce0d439cc2931f5bd487e) Importer(815301076,1909f56bfc062723c751e8b465ee728b) [PhysX] Initialized MultithreadedTaskDispatcher with 12 workers.
[PhysX] Initialized MultithreadedTaskDispatcher with 12 workers.
 -> (artifact id: '5435c07e27296a2be64be4cb7078910e') in 0.006613 seconds
Number of updated asset objects reloaded before import = 0
Number of asset objects unloaded after import = 1
========================================================================
Received Import Request.
  Time since last request: 0.000012 seconds.
  path: Assets/Materials/House3/Red.mat
  artifactKey: Guid(ec26fa63d86508940a1db7961ad5a93d) Importer(815301076,1909f56bfc062723c751e8b465ee728b)
Start importing Assets/Materials/House3/Red.mat using Guid(ec26fa63d86508940a1db7961ad5a93d) Importer(815301076,1909f56bfc062723c751e8b465ee728b) [PhysX] Initialized MultithreadedTaskDispatcher with 12 workers.
[PhysX] Initialized MultithreadedTaskDispatcher with 12 workers.
 -> (artifact id: '80f7cf1664c156ab91a5a1e95af8d738') in 0.011046 seconds
Number of updated asset objects reloaded before import = 0
Number of asset objects unloaded after import = 1
========================================================================
Received Import Request.
  Time since last request: 0.000016 seconds.
  path: Assets/Materials/HouseInSide/WhiteBoard/Pink.mat
  artifactKey: Guid(ad81ee55ce53114429cfb96760105af4) Importer(815301076,1909f56bfc062723c751e8b465ee728b)
Start importing Assets/Materials/HouseInSide/WhiteBoard/Pink.mat using Guid(ad81ee55ce53114429cfb96760105af4) Importer(815301076,1909f56bfc062723c751e8b465ee728b) [PhysX] Initialized MultithreadedTaskDispatcher with 12 workers.
[PhysX] Initialized MultithreadedTaskDispatcher with 12 workers.
 -> (artifact id: '01aaf182d47305952d3aa922c5e2e109') in 0.006511 seconds
Number of updated asset objects reloaded before import = 0
Number of asset objects unloaded after import = 1
========================================================================
Received Import Request.
  Time since last request: 0.000015 seconds.
  path: Assets/Materials/Flower/Purple.mat
  artifactKey: Guid(9af34d407bf73ad4ab1d39807f94a427) Importer(815301076,1909f56bfc062723c751e8b465ee728b)
Start importing Assets/Materials/Flower/Purple.mat using Guid(9af34d407bf73ad4ab1d39807f94a427) Importer(815301076,1909f56bfc062723c751e8b465ee728b) [PhysX] Initialized MultithreadedTaskDispatcher with 12 workers.
[PhysX] Initialized MultithreadedTaskDispatcher with 12 workers.
 -> (artifact id: '4ac72e2f5d04396fb507eac85947c34d') in 0.008136 seconds
Number of updated asset objects reloaded before import = 0
Number of asset objects unloaded after import = 1
========================================================================
Received Import Request.
  Time since last request: 0.000021 seconds.
  path: Assets/Materials/Tower/Red.mat
  artifactKey: Guid(c13ab411efbec3e45ba75d437961a5f4) Importer(815301076,1909f56bfc062723c751e8b465ee728b)
Start importing Assets/Materials/Tower/Red.mat using Guid(c13ab411efbec3e45ba75d437961a5f4) Importer(815301076,1909f56bfc062723c751e8b465ee728b) [PhysX] Initialized MultithreadedTaskDispatcher with 12 workers.
[PhysX] Initialized MultithreadedTaskDispatcher with 12 workers.
 -> (artifact id: '090284ca0791756cd42c9fde2397330a') in 0.006912 seconds
Number of updated asset objects reloaded before import = 0
Number of asset objects unloaded after import = 1
========================================================================
Received Import Request.
  Time since last request: 0.000013 seconds.
  path: Assets/Materials/HouseInSide/PictureLump.mat
  artifactKey: Guid(4945e27eb00463d4f8d1760d1d10ee46) Importer(815301076,1909f56bfc062723c751e8b465ee728b)
Start importing Assets/Materials/HouseInSide/PictureLump.mat using Guid(4945e27eb00463d4f8d1760d1d10ee46) Importer(815301076,1909f56bfc062723c751e8b465ee728b) [PhysX] Initialized MultithreadedTaskDispatcher with 12 workers.
[PhysX] Initialized MultithreadedTaskDispatcher with 12 workers.
 -> (artifact id: 'daf2b55dcc2e1ae8e94268c7ae8a1a58') in 0.007547 seconds
Number of updated asset objects reloaded before import = 0
Number of asset objects unloaded after import = 2
========================================================================
Received Import Request.
  Time since last request: 0.000013 seconds.
  path: Assets/Materials/Rebuses/Red.mat
  artifactKey: Guid(13f2a6e0d9672ff4ea76aaa3e14de8a8) Importer(815301076,1909f56bfc062723c751e8b465ee728b)
Start importing Assets/Materials/Rebuses/Red.mat using Guid(13f2a6e0d9672ff4ea76aaa3e14de8a8) Importer(815301076,1909f56bfc062723c751e8b465ee728b) [PhysX] Initialized MultithreadedTaskDispatcher with 12 workers.
[PhysX] Initialized MultithreadedTaskDispatcher with 12 workers.
 -> (artifact id: 'bf05d87ba1f117623409b5cd6c7db7a7') in 0.004039 seconds
Number of updated asset objects reloaded before import = 0
Number of asset objects unloaded after import = 1
========================================================================
Received Import Request.
  Time since last request: 0.000013 seconds.
  path: Assets/Materials/Capitan/White.mat
  artifactKey: Guid(8185962f047474f45ab261bb094f3cce) Importer(815301076,1909f56bfc062723c751e8b465ee728b)
Start importing Assets/Materials/Capitan/White.mat using Guid(8185962f047474f45ab261bb094f3cce) Importer(815301076,1909f56bfc062723c751e8b465ee728b) [PhysX] Initialized MultithreadedTaskDispatcher with 12 workers.
[PhysX] Initialized MultithreadedTaskDispatcher with 12 workers.
 -> (artifact id: 'e2454bc3dbd12f31f33bdf7b2cb20556') in 0.004662 seconds
Number of updated asset objects reloaded before import = 0
Number of asset objects unloaded after import = 1
========================================================================
Received Import Request.
  Time since last request: 0.000020 seconds.
  path: Assets/Materials/House3/White.mat
  artifactKey: Guid(aaf09a3965d941443b43d9a13624b8de) Importer(815301076,1909f56bfc062723c751e8b465ee728b)
Start importing Assets/Materials/House3/White.mat using Guid(aaf09a3965d941443b43d9a13624b8de) Importer(815301076,1909f56bfc062723c751e8b465ee728b) [PhysX] Initialized MultithreadedTaskDispatcher with 12 workers.
[PhysX] Initialized MultithreadedTaskDispatcher with 12 workers.
 -> (artifact id: '20bfaa8026b21d5b8a7468e6af9a6805') in 0.009591 seconds
Number of updated asset objects reloaded before import = 0
Number of asset objects unloaded after import = 1
========================================================================
Received Import Request.
  Time since last request: 0.000014 seconds.
  path: Assets/Materials/Hall/White.mat
  artifactKey: Guid(f19f611feb19edd49854ff738ec6ccdd) Importer(815301076,1909f56bfc062723c751e8b465ee728b)
Start importing Assets/Materials/Hall/White.mat using Guid(f19f611feb19edd49854ff738ec6ccdd) Importer(815301076,1909f56bfc062723c751e8b465ee728b) [PhysX] Initialized MultithreadedTaskDispatcher with 12 workers.
[PhysX] Initialized MultithreadedTaskDispatcher with 12 workers.
 -> (artifact id: 'f2c127bb220948d28cbe07c911b92caf') in 0.005158 seconds
Number of updated asset objects reloaded before import = 0
Number of asset objects unloaded after import = 1
========================================================================
Received Import Request.
  Time since last request: 0.000012 seconds.
  path: Assets/Materials/Princess/White.mat
  artifactKey: Guid(137c450c63fbefb40965fb78ae9bb102) Importer(815301076,1909f56bfc062723c751e8b465ee728b)
Start importing Assets/Materials/Princess/White.mat using Guid(137c450c63fbefb40965fb78ae9bb102) Importer(815301076,1909f56bfc062723c751e8b465ee728b) [PhysX] Initialized MultithreadedTaskDispatcher with 12 workers.
[PhysX] Initialized MultithreadedTaskDispatcher with 12 workers.
 -> (artifact id: '25c264347ec6a760672c247674d51f9d') in 0.012002 seconds
Number of updated asset objects reloaded before import = 0
Number of asset objects unloaded after import = 1
========================================================================
Received Import Request.
  Time since last request: 0.000016 seconds.
  path: Assets/Materials/Flower/Red.mat
  artifactKey: Guid(81d733c6ca5179143b95ca6bf360af18) Importer(815301076,1909f56bfc062723c751e8b465ee728b)
Start importing Assets/Materials/Flower/Red.mat using Guid(81d733c6ca5179143b95ca6bf360af18) Importer(815301076,1909f56bfc062723c751e8b465ee728b) [PhysX] Initialized MultithreadedTaskDispatcher with 12 workers.
[PhysX] Initialized MultithreadedTaskDispatcher with 12 workers.
 -> (artifact id: '481ea2d8660ef3935ef0c28b8298d77f') in 0.006566 seconds
Number of updated asset objects reloaded before import = 0
Number of asset objects unloaded after import = 1
========================================================================
Received Import Request.
  Time since last request: 0.000022 seconds.
  path: Assets/Materials/Princess/Yellow.mat
  artifactKey: Guid(536d83c04b84e9b4e97112e3a81347fb) Importer(815301076,1909f56bfc062723c751e8b465ee728b)
Start importing Assets/Materials/Princess/Yellow.mat using Guid(536d83c04b84e9b4e97112e3a81347fb) Importer(815301076,1909f56bfc062723c751e8b465ee728b) [PhysX] Initialized MultithreadedTaskDispatcher with 12 workers.
[PhysX] Initialized MultithreadedTaskDispatcher with 12 workers.
 -> (artifact id: 'e96fe1cd3371db048ec4b06f03de6b72') in 0.009306 seconds
Number of updated asset objects reloaded before import = 0
Number of asset objects unloaded after import = 1
========================================================================
Received Import Request.
  Time since last request: 0.000015 seconds.
  path: Assets/Materials/Hall/Wall.mat
  artifactKey: Guid(9efbf9613fa5943458fd8e2c55bbaddc) Importer(815301076,1909f56bfc062723c751e8b465ee728b)
Start importing Assets/Materials/Hall/Wall.mat using Guid(9efbf9613fa5943458fd8e2c55bbaddc) Importer(815301076,1909f56bfc062723c751e8b465ee728b) [PhysX] Initialized MultithreadedTaskDispatcher with 12 workers.
[PhysX] Initialized MultithreadedTaskDispatcher with 12 workers.
 -> (artifact id: '3cdee241b89e25109f764cd9301d6cf8') in 0.009841 seconds
Number of updated asset objects reloaded before import = 0
Number of asset objects unloaded after import = 1
========================================================================
Received Import Request.
  Time since last request: 0.000014 seconds.
  path: Assets/Materials/Capitan/Yellow.mat
  artifactKey: Guid(84710da0df386e1428aa42e725d816e6) Importer(815301076,1909f56bfc062723c751e8b465ee728b)
Start importing Assets/Materials/Capitan/Yellow.mat using Guid(84710da0df386e1428aa42e725d816e6) Importer(815301076,1909f56bfc062723c751e8b465ee728b) [PhysX] Initialized MultithreadedTaskDispatcher with 12 workers.
[PhysX] Initialized MultithreadedTaskDispatcher with 12 workers.
 -> (artifact id: 'e0e7c2304eb638cbc25b87ac97d29db7') in 0.007234 seconds
Number of updated asset objects reloaded before import = 0
Number of asset objects unloaded after import = 1
